<?xml version="1.0" encoding="UTF-8"?>
<!-- Generated by org.testng.reporters.JUnitReportReporter -->
<testsuite skipped="0" hostname="yunus" name="TestCases.AmazonHomeTest" tests="1" failures="0" timestamp="2021-12-18T00:37:56 IST" time="0.019" errors="0">
  <testcase name="HomeScreen" time="0.019" classname="TestCases.AmazonHomeTest"/>
  <system-out/>
</testsuite> <!-- TestCases.AmazonHomeTest -->
