<?xml version="1.0" encoding="UTF-8"?>
<!-- Generated by org.testng.reporters.JUnitReportReporter -->
<testsuite skipped="0" hostname="yunus" name="TestCases.DataProviderTest" tests="3" failures="0" timestamp="2021-12-10T23:49:33 IST" time="0.007" errors="0">
  <testcase name="login" time="0.001" classname="TestCases.DataProviderTest"/>
  <system-out/>
  <testcase name="login" time="0.001" classname="TestCases.DataProviderTest"/>
  <system-out/>
  <testcase name="login" time="0.005" classname="TestCases.DataProviderTest"/>
  <system-out/>
</testsuite> <!-- TestCases.DataProviderTest -->
