<?xml version="1.0" encoding="UTF-8"?>
<!-- Generated by org.testng.reporters.JUnitReportReporter -->
<testsuite skipped="0" hostname="yunus" name="temp.firsttestngfile" tests="4" failures="0" timestamp="2021-12-14T13:51:56 IST" time="0.010" errors="0">
  <testcase name="login" time="0.006" classname="temp.firsttestngfile"/>
  <system-out/>
  <testcase name="home" time="0.001" classname="temp.firsttestngfile"/>
  <system-out/>
  <testcase name="payment" time="0.002" classname="temp.firsttestngfile"/>
  <system-out/>
  <testcase name="logout" time="0.001" classname="temp.firsttestngfile"/>
  <system-out/>
</testsuite> <!-- temp.firsttestngfile -->
