<?xml version="1.0" encoding="UTF-8"?>
<!-- Generated by org.testng.reporters.JUnitReportReporter -->
<testsuite skipped="0" hostname="yunus" name="temp.testAnno" tests="1" failures="0" timestamp="2021-12-14T13:51:56 IST" time="4.933" errors="0">
  <testcase name="testCurrentUrl" time="4.933" classname="temp.testAnno"/>
  <system-out/>
</testsuite> <!-- temp.testAnno -->
