<?xml version="1.0" encoding="UTF-8"?>
<!-- Generated by org.testng.reporters.JUnitReportReporter -->
<testsuite skipped="0" hostname="yunus" name="TestCases.Page1Test" tests="4" failures="0" timestamp="2021-12-18T00:37:56 IST" time="48.632" errors="0">
  <testcase name="ValidLogin" time="14.472" classname="TestCases.Page1Test"/>
  <system-out/>
  <testcase name="invalidLogin" time="15.250" classname="TestCases.Page1Test"/>
  <system-out/>
  <testcase name="invalidMobile" time="11.496" classname="TestCases.Page1Test"/>
  <system-out/>
  <testcase name="withoutpwd" time="7.414" classname="TestCases.Page1Test"/>
  <system-out/>
</testsuite> <!-- TestCases.Page1Test -->
