<?xml version="1.0" encoding="UTF-8"?>
<!-- Generated by org.testng.reporters.JUnitReportReporter -->
<testsuite skipped="0" hostname="yunus" name="TestCases.OrderTest" tests="1" failures="0" timestamp="2021-12-18T00:41:59 IST" time="0.001" errors="0">
  <testcase name="orderplace" time="0.001" classname="TestCases.OrderTest"/>
  <system-out/>
</testsuite> <!-- TestCases.OrderTest -->
