<?xml version="1.0" encoding="UTF-8"?>
<!-- Generated by org.testng.reporters.JUnitReportReporter -->
<testsuite skipped="0" hostname="yunus" name="TestCases.Page1Test" tests="4" failures="0" timestamp="2021-12-18T00:41:59 IST" time="43.603" errors="0">
  <testcase name="ValidLogin" time="12.053" classname="TestCases.Page1Test"/>
  <system-out/>
  <testcase name="invalidLogin" time="10.916" classname="TestCases.Page1Test"/>
  <system-out/>
  <testcase name="invalidMobile" time="12.582" classname="TestCases.Page1Test"/>
  <system-out/>
  <testcase name="withoutpwd" time="8.052" classname="TestCases.Page1Test"/>
  <system-out/>
</testsuite> <!-- TestCases.Page1Test -->
